<?xml version="1.0" encoding="UTF-8"?>
<testng-results ignored="0" total="1" passed="1" failed="0" skipped="0">
  <reporter-output>
  </reporter-output>
  <suite started-at="2026-04-19T12:05:26 IST" name="Default suite" finished-at="2026-04-19T12:05:55 IST" duration-ms="28903">
    <groups>
    </groups>
    <test started-at="2026-04-19T12:05:26 IST" name="Default test" finished-at="2026-04-19T12:05:55 IST" duration-ms="28903">
      <class name="tests.AmazonLoginTest">
        <test-method is-config="true" signature="setup()[pri:0, instance:tests.AmazonLoginTest@6771beb3]" started-at="2026-04-19T12:05:27 IST" name="setup" finished-at="2026-04-19T12:05:37 IST" duration-ms="10123" status="PASS">
          <reporter-output>
          </reporter-output>
        </test-method> <!-- setup -->
        <test-method signature="clickSignInTest()[pri:0, instance:tests.AmazonLoginTest@6771beb3]" started-at="2026-04-19T12:05:37 IST" name="clickSignInTest" finished-at="2026-04-19T12:05:48 IST" duration-ms="11255" status="PASS">
          <reporter-output>
          </reporter-output>
        </test-method> <!-- clickSignInTest -->
        <test-method is-config="true" signature="tearDown()[pri:0, instance:tests.AmazonLoginTest@6771beb3]" started-at="2026-04-19T12:05:48 IST" name="tearDown" finished-at="2026-04-19T12:05:55 IST" duration-ms="7320" status="PASS">
          <reporter-output>
          </reporter-output>
        </test-method> <!-- tearDown -->
      </class> <!-- tests.AmazonLoginTest -->
    </test> <!-- Default test -->
  </suite> <!-- Default suite -->
</testng-results>
